<?xml version="1.0" encoding="UTF-8"?>
<!-- Generated by org.testng.reporters.JUnitXMLReporter -->
<testsuite ignored="0" hostname="DESKTOP-63IFQCS" failures="0" tests="4" name="Default test" time="4.151" errors="0" timestamp="2024-10-24T16:56:04 IST">
  <testcase classname="com.railway.script.Supervisors_Management" name="Admin" time="0.893"/>
  <testcase classname="com.railway.script.Supervisors_Management" name="StationA" time="1.183"/>
  <testcase classname="com.railway.script.Supervisors_Management" name="ErrorMesaageValidation" time="0.285"/>
  <testcase classname="com.railway.script.Supervisors_Management" name="SupervisorManagementD" time="0.081"/>
</testsuite> <!-- Default test -->
